#
# There is insufficient memory for the Java Runtime Environment to continue.
# Native memory allocation (malloc) failed to allocate 105616 bytes for Chunk::new
# Possible reasons:
#   The system is out of physical RAM or swap space
#   The process is running with CompressedOops enabled, and the Java Heap may be blocking the growth of the native heap
# Possible solutions:
#   Reduce memory load on the system
#   Increase physical memory or swap space
#   Check if swap backing store is full
#   Decrease Java heap size (-Xmx/-Xms)
#   Decrease number of Java threads
#   Decrease Java thread stack sizes (-Xss)
#   Set larger code cache with -XX:ReservedCodeCacheSize=
#   JVM is running with Unscaled Compressed Oops mode in which the Java heap is
#     placed in the first 4GB address space. The Java Heap base address is the
#     maximum limit for the native heap growth. Please use -XX:HeapBaseMinAddress
#     to set the Java Heap base and to place the Java Heap above 4GB virtual address.
# This output file may be truncated or incomplete.
#
#  Out of Memory Error (arena.cpp:189), pid=25432, tid=11436
#
# JRE version: OpenJDK Runtime Environment (17.0.6) (build 17.0.6+0-b2043.56-10027231)
# Java VM: OpenJDK 64-Bit Server VM (17.0.6+0-b2043.56-10027231, mixed mode, tiered, compressed oops, compressed class ptrs, g1 gc, windows-amd64)
# No core dump will be written. Minidumps are not enabled by default on client versions of Windows
#

---------------  S U M M A R Y ------------

Command Line: -Dorg.gradle.appname=gradlew org.gradle.wrapper.GradleWrapperMain -q -Ptarget-platform=android-x86 -Ptarget=D:\sertifikasi jmp\sertifikasi_jmp\lib\main.dart -Pbase-application-name=android.app.Application -Pdart-obfuscation=false -Ptrack-widget-creation=true -Ptree-shake-icons=false -Pfilesystem-scheme=org-dartlang-root assembleDebug

Host: AMD Ryzen 3 5300U with Radeon Graphics         , 8 cores, 5G,  Windows 11 , 64 bit Build 22621 (10.0.22621.3958)
Time: Sun Aug 11 10:00:20 2024 SE Asia Standard Time elapsed time: 9.388259 seconds (0d 0h 0m 9s)

---------------  T H R E A D  ---------------

Current thread (0x0000021975817630):  JavaThread "C2 CompilerThread0" daemon [_thread_in_native, id=11436, stack(0x000000f468000000,0x000000f468100000)]


Current CompileTask:
C2:   9388  525   !   4       java.util.zip.ZipFile$Source::checkAndAddEntry (209 bytes)

Stack: [0x000000f468000000,0x000000f468100000]
Native frames: (J=compiled Java code, j=interpreted, Vv=VM code, C=native code)
V  [jvm.dll+0x683c9a]
V  [jvm.dll+0x8427a4]
V  [jvm.dll+0x843f9e]
V  [jvm.dll+0x844603]
V  [jvm.dll+0x249b75]
V  [jvm.dll+0xabcac]
V  [jvm.dll+0xac27c]
V  [jvm.dll+0x368857]
V  [jvm.dll+0x332f31]
V  [jvm.dll+0x3323da]
V  [jvm.dll+0x21c201]
V  [jvm.dll+0x21b621]
V  [jvm.dll+0x1a4fdd]
V  [jvm.dll+0x22b098]
V  [jvm.dll+0x229159]
V  [jvm.dll+0x7f81ec]
V  [jvm.dll+0x7f274a]
V  [jvm.dll+0x682ad5]
C  [ucrtbase.dll+0x29333]
C  [KERNEL32.DLL+0x1257d]
C  [ntdll.dll+0x5af28]


---------------  P R O C E S S  ---------------

Threads class SMR info:
_java_thread_list=0x00000219759a1460, length=12, elements={
0x000002195c3d3a50, 0x0000021974de2260, 0x0000021974de30d0, 0x0000021974dfe410,
0x00000219758141e0, 0x0000021975815fa0, 0x0000021975816950, 0x0000021975817630,
0x00000219758180d0, 0x00000219758199e0, 0x000002197597dd30, 0x00000219759a4020
}

Java Threads: ( => current thread )
  0x000002195c3d3a50 JavaThread "main" [_thread_in_native, id=29972, stack(0x000000f467300000,0x000000f467400000)]
  0x0000021974de2260 JavaThread "Reference Handler" daemon [_thread_blocked, id=13432, stack(0x000000f467a00000,0x000000f467b00000)]
  0x0000021974de30d0 JavaThread "Finalizer" daemon [_thread_blocked, id=31652, stack(0x000000f467b00000,0x000000f467c00000)]
  0x0000021974dfe410 JavaThread "Signal Dispatcher" daemon [_thread_blocked, id=2008, stack(0x000000f467c00000,0x000000f467d00000)]
  0x00000219758141e0 JavaThread "Attach Listener" daemon [_thread_blocked, id=15216, stack(0x000000f467d00000,0x000000f467e00000)]
  0x0000021975815fa0 JavaThread "Service Thread" daemon [_thread_blocked, id=6048, stack(0x000000f467e00000,0x000000f467f00000)]
  0x0000021975816950 JavaThread "Monitor Deflation Thread" daemon [_thread_blocked, id=15688, stack(0x000000f467f00000,0x000000f468000000)]
=>0x0000021975817630 JavaThread "C2 CompilerThread0" daemon [_thread_in_native, id=11436, stack(0x000000f468000000,0x000000f468100000)]
  0x00000219758180d0 JavaThread "C1 CompilerThread0" daemon [_thread_blocked, id=5952, stack(0x000000f468100000,0x000000f468200000)]
  0x00000219758199e0 JavaThread "Sweeper thread" daemon [_thread_blocked, id=29980, stack(0x000000f468200000,0x000000f468300000)]
  0x000002197597dd30 JavaThread "Notification Thread" daemon [_thread_blocked, id=25508, stack(0x000000f468300000,0x000000f468400000)]
  0x00000219759a4020 JavaThread "Common-Cleaner" daemon [_thread_blocked, id=18172, stack(0x000000f468500000,0x000000f468600000)]

Other Threads:
  0x0000021974dc0950 VMThread "VM Thread" [stack: 0x000000f467900000,0x000000f467a00000] [id=28504]
  0x000002197597e200 WatcherThread [stack: 0x000000f468400000,0x000000f468500000] [id=23880]
  0x000002195c41e6a0 GCTaskThread "GC Thread#0" [stack: 0x000000f467400000,0x000000f467500000] [id=29888]
  0x000002195c42b120 ConcurrentGCThread "G1 Main Marker" [stack: 0x000000f467500000,0x000000f467600000] [id=11572]
  0x000002195c42bb30 ConcurrentGCThread "G1 Conc#0" [stack: 0x000000f467600000,0x000000f467700000] [id=28400]
  0x000002195c48db00 ConcurrentGCThread "G1 Refine#0" [stack: 0x000000f467700000,0x000000f467800000] [id=14504]
  0x000002195c48e520 ConcurrentGCThread "G1 Service" [stack: 0x000000f467800000,0x000000f467900000] [id=10124]

Threads with active compile tasks:
C2 CompilerThread0     9798  525   !   4       java.util.zip.ZipFile$Source::checkAndAddEntry (209 bytes)

VM state: not at safepoint (normal execution)

VM Mutex/Monitor currently owned by a thread: None

OutOfMemory and StackOverflow Exception counts:
OutOfMemoryError java_heap_errors=1
LinkageErrors=3

Heap address: 0x00000000a2600000, size: 1498 MB, Compressed Oops mode: 32-bit

CDS archive(s) not mapped
Compressed class space mapped at: 0x0000000100000000-0x0000000140000000, reserved size: 1073741824
Narrow klass base: 0x0000000000000000, Narrow klass shift: 3, Narrow klass range: 0x140000000

GC Precious Log:
 CPUs: 8 total, 8 available
 Memory: 5989M
 Large Page Support: Disabled
 NUMA Support: Disabled
 Compressed Oops: Enabled (32-bit)
 Heap Region Size: 1M
 Heap Min Capacity: 8M
 Heap Initial Capacity: 94M
 Heap Max Capacity: 1498M
 Pre-touch: Disabled
 Parallel Workers: 8
 Concurrent Workers: 2
 Concurrent Refinement Workers: 8
 Periodic GC: Disabled

Heap:
 garbage-first heap   total 96256K, used 11264K [0x00000000a2600000, 0x0000000100000000)
  region size 1024K, 13 young (13312K), 0 survivors (0K)
 Metaspace       used 8426K, committed 8512K, reserved 1056768K
  class space    used 743K, committed 768K, reserved 1048576K

Heap Regions: E=young(eden), S=young(survivor), O=old, HS=humongous(starts), HC=humongous(continues), CS=collection set, F=free, OA=open archive, CA=closed archive, TAMS=top-at-mark-start (previous, next)
|   0|0x00000000a2600000, 0x00000000a2600000, 0x00000000a2700000|  0%| F|  |TAMS 0x00000000a2600000, 0x00000000a2600000| Untracked 
|   1|0x00000000a2700000, 0x00000000a2700000, 0x00000000a2800000|  0%| F|  |TAMS 0x00000000a2700000, 0x00000000a2700000| Untracked 
|   2|0x00000000a2800000, 0x00000000a2800000, 0x00000000a2900000|  0%| F|  |TAMS 0x00000000a2800000, 0x00000000a2800000| Untracked 
|   3|0x00000000a2900000, 0x00000000a2900000, 0x00000000a2a00000|  0%| F|  |TAMS 0x00000000a2900000, 0x00000000a2900000| Untracked 
|   4|0x00000000a2a00000, 0x00000000a2a00000, 0x00000000a2b00000|  0%| F|  |TAMS 0x00000000a2a00000, 0x00000000a2a00000| Untracked 
|   5|0x00000000a2b00000, 0x00000000a2b00000, 0x00000000a2c00000|  0%| F|  |TAMS 0x00000000a2b00000, 0x00000000a2b00000| Untracked 
|   6|0x00000000a2c00000, 0x00000000a2c00000, 0x00000000a2d00000|  0%| F|  |TAMS 0x00000000a2c00000, 0x00000000a2c00000| Untracked 
|   7|0x00000000a2d00000, 0x00000000a2d00000, 0x00000000a2e00000|  0%| F|  |TAMS 0x00000000a2d00000, 0x00000000a2d00000| Untracked 
|   8|0x00000000a2e00000, 0x00000000a2e00000, 0x00000000a2f00000|  0%| F|  |TAMS 0x00000000a2e00000, 0x00000000a2e00000| Untracked 
|   9|0x00000000a2f00000, 0x00000000a2f00000, 0x00000000a3000000|  0%| F|  |TAMS 0x00000000a2f00000, 0x00000000a2f00000| Untracked 
|  10|0x00000000a3000000, 0x00000000a3000000, 0x00000000a3100000|  0%| F|  |TAMS 0x00000000a3000000, 0x00000000a3000000| Untracked 
|  11|0x00000000a3100000, 0x00000000a3100000, 0x00000000a3200000|  0%| F|  |TAMS 0x00000000a3100000, 0x00000000a3100000| Untracked 
|  12|0x00000000a3200000, 0x00000000a3200000, 0x00000000a3300000|  0%| F|  |TAMS 0x00000000a3200000, 0x00000000a3200000| Untracked 
|  13|0x00000000a3300000, 0x00000000a3300000, 0x00000000a3400000|  0%| F|  |TAMS 0x00000000a3300000, 0x00000000a3300000| Untracked 
|  14|0x00000000a3400000, 0x00000000a3400000, 0x00000000a3500000|  0%| F|  |TAMS 0x00000000a3400000, 0x00000000a3400000| Untracked 
|  15|0x00000000a3500000, 0x00000000a3500000, 0x00000000a3600000|  0%| F|  |TAMS 0x00000000a3500000, 0x00000000a3500000| Untracked 
|  16|0x00000000a3600000, 0x00000000a3600000, 0x00000000a3700000|  0%| F|  |TAMS 0x00000000a3600000, 0x00000000a3600000| Untracked 
|  17|0x00000000a3700000, 0x00000000a3700000, 0x00000000a3800000|  0%| F|  |TAMS 0x00000000a3700000, 0x00000000a3700000| Untracked 
|  18|0x00000000a3800000, 0x00000000a3800000, 0x00000000a3900000|  0%| F|  |TAMS 0x00000000a3800000, 0x00000000a3800000| Untracked 
|  19|0x00000000a3900000, 0x00000000a3900000, 0x00000000a3a00000|  0%| F|  |TAMS 0x00000000a3900000, 0x00000000a3900000| Untracked 
|  20|0x00000000a3a00000, 0x00000000a3a00000, 0x00000000a3b00000|  0%| F|  |TAMS 0x00000000a3a00000, 0x00000000a3a00000| Untracked 
|  21|0x00000000a3b00000, 0x00000000a3b00000, 0x00000000a3c00000|  0%| F|  |TAMS 0x00000000a3b00000, 0x00000000a3b00000| Untracked 
|  22|0x00000000a3c00000, 0x00000000a3c00000, 0x00000000a3d00000|  0%| F|  |TAMS 0x00000000a3c00000, 0x00000000a3c00000| Untracked 
|  23|0x00000000a3d00000, 0x00000000a3d00000, 0x00000000a3e00000|  0%| F|  |TAMS 0x00000000a3d00000, 0x00000000a3d00000| Untracked 
|  24|0x00000000a3e00000, 0x00000000a3e00000, 0x00000000a3f00000|  0%| F|  |TAMS 0x00000000a3e00000, 0x00000000a3e00000| Untracked 
|  25|0x00000000a3f00000, 0x00000000a3f00000, 0x00000000a4000000|  0%| F|  |TAMS 0x00000000a3f00000, 0x00000000a3f00000| Untracked 
|  26|0x00000000a4000000, 0x00000000a4000000, 0x00000000a4100000|  0%| F|  |TAMS 0x00000000a4000000, 0x00000000a4000000| Untracked 
|  27|0x00000000a4100000, 0x00000000a4100000, 0x00000000a4200000|  0%| F|  |TAMS 0x00000000a4100000, 0x00000000a4100000| Untracked 
|  28|0x00000000a4200000, 0x00000000a4200000, 0x00000000a4300000|  0%| F|  |TAMS 0x00000000a4200000, 0x00000000a4200000| Untracked 
|  29|0x00000000a4300000, 0x00000000a4300000, 0x00000000a4400000|  0%| F|  |TAMS 0x00000000a4300000, 0x00000000a4300000| Untracked 
|  30|0x00000000a4400000, 0x00000000a4400000, 0x00000000a4500000|  0%| F|  |TAMS 0x00000000a4400000, 0x00000000a4400000| Untracked 
|  31|0x00000000a4500000, 0x00000000a4500000, 0x00000000a4600000|  0%| F|  |TAMS 0x00000000a4500000, 0x00000000a4500000| Untracked 
|  32|0x00000000a4600000, 0x00000000a4600000, 0x00000000a4700000|  0%| F|  |TAMS 0x00000000a4600000, 0x00000000a4600000| Untracked 
|  33|0x00000000a4700000, 0x00000000a4700000, 0x00000000a4800000|  0%| F|  |TAMS 0x00000000a4700000, 0x00000000a4700000| Untracked 
|  34|0x00000000a4800000, 0x00000000a4800000, 0x00000000a4900000|  0%| F|  |TAMS 0x00000000a4800000, 0x00000000a4800000| Untracked 
|  35|0x00000000a4900000, 0x00000000a4900000, 0x00000000a4a00000|  0%| F|  |TAMS 0x00000000a4900000, 0x00000000a4900000| Untracked 
|  36|0x00000000a4a00000, 0x00000000a4a00000, 0x00000000a4b00000|  0%| F|  |TAMS 0x00000000a4a00000, 0x00000000a4a00000| Untracked 
|  37|0x00000000a4b00000, 0x00000000a4b00000, 0x00000000a4c00000|  0%| F|  |TAMS 0x00000000a4b00000, 0x00000000a4b00000| Untracked 
|  38|0x00000000a4c00000, 0x00000000a4c00000, 0x00000000a4d00000|  0%| F|  |TAMS 0x00000000a4c00000, 0x00000000a4c00000| Untracked 
|  39|0x00000000a4d00000, 0x00000000a4d00000, 0x00000000a4e00000|  0%| F|  |TAMS 0x00000000a4d00000, 0x00000000a4d00000| Untracked 
|  40|0x00000000a4e00000, 0x00000000a4e00000, 0x00000000a4f00000|  0%| F|  |TAMS 0x00000000a4e00000, 0x00000000a4e00000| Untracked 
|  41|0x00000000a4f00000, 0x00000000a4f00000, 0x00000000a5000000|  0%| F|  |TAMS 0x00000000a4f00000, 0x00000000a4f00000| Untracked 
|  42|0x00000000a5000000, 0x00000000a5000000, 0x00000000a5100000|  0%| F|  |TAMS 0x00000000a5000000, 0x00000000a5000000| Untracked 
|  43|0x00000000a5100000, 0x00000000a5100000, 0x00000000a5200000|  0%| F|  |TAMS 0x00000000a5100000, 0x00000000a5100000| Untracked 
|  44|0x00000000a5200000, 0x00000000a5200000, 0x00000000a5300000|  0%| F|  |TAMS 0x00000000a5200000, 0x00000000a5200000| Untracked 
|  45|0x00000000a5300000, 0x00000000a5300000, 0x00000000a5400000|  0%| F|  |TAMS 0x00000000a5300000, 0x00000000a5300000| Untracked 
|  46|0x00000000a5400000, 0x00000000a5400000, 0x00000000a5500000|  0%| F|  |TAMS 0x00000000a5400000, 0x00000000a5400000| Untracked 
|  47|0x00000000a5500000, 0x00000000a5500000, 0x00000000a5600000|  0%| F|  |TAMS 0x00000000a5500000, 0x00000000a5500000| Untracked 
|  48|0x00000000a5600000, 0x00000000a5600000, 0x00000000a5700000|  0%| F|  |TAMS 0x00000000a5600000, 0x00000000a5600000| Untracked 
|  49|0x00000000a5700000, 0x00000000a5700000, 0x00000000a5800000|  0%| F|  |TAMS 0x00000000a5700000, 0x00000000a5700000| Untracked 
|  50|0x00000000a5800000, 0x00000000a5800000, 0x00000000a5900000|  0%| F|  |TAMS 0x00000000a5800000, 0x00000000a5800000| Untracked 
|  51|0x00000000a5900000, 0x00000000a5900000, 0x00000000a5a00000|  0%| F|  |TAMS 0x00000000a5900000, 0x00000000a5900000| Untracked 
|  52|0x00000000a5a00000, 0x00000000a5a00000, 0x00000000a5b00000|  0%| F|  |TAMS 0x00000000a5a00000, 0x00000000a5a00000| Untracked 
|  53|0x00000000a5b00000, 0x00000000a5b00000, 0x00000000a5c00000|  0%| F|  |TAMS 0x00000000a5b00000, 0x00000000a5b00000| Untracked 
|  54|0x00000000a5c00000, 0x00000000a5c00000, 0x00000000a5d00000|  0%| F|  |TAMS 0x00000000a5c00000, 0x00000000a5c00000| Untracked 
|  55|0x00000000a5d00000, 0x00000000a5d00000, 0x00000000a5e00000|  0%| F|  |TAMS 0x00000000a5d00000, 0x00000000a5d00000| Untracked 
|  56|0x00000000a5e00000, 0x00000000a5e00000, 0x00000000a5f00000|  0%| F|  |TAMS 0x00000000a5e00000, 0x00000000a5e00000| Untracked 
|  57|0x00000000a5f00000, 0x00000000a5f00000, 0x00000000a6000000|  0%| F|  |TAMS 0x00000000a5f00000, 0x00000000a5f00000| Untracked 
|  58|0x00000000a6000000, 0x00000000a6000000, 0x00000000a6100000|  0%| F|  |TAMS 0x00000000a6000000, 0x00000000a6000000| Untracked 
|  59|0x00000000a6100000, 0x00000000a6100000, 0x00000000a6200000|  0%| F|  |TAMS 0x00000000a6100000, 0x00000000a6100000| Untracked 
|  60|0x00000000a6200000, 0x00000000a6200000, 0x00000000a6300000|  0%| F|  |TAMS 0x00000000a6200000, 0x00000000a6200000| Untracked 
|  61|0x00000000a6300000, 0x00000000a6300000, 0x00000000a6400000|  0%| F|  |TAMS 0x00000000a6300000, 0x00000000a6300000| Untracked 
|  62|0x00000000a6400000, 0x00000000a6400000, 0x00000000a6500000|  0%| F|  |TAMS 0x00000000a6400000, 0x00000000a6400000| Untracked 
|  63|0x00000000a6500000, 0x00000000a6500000, 0x00000000a6600000|  0%| F|  |TAMS 0x00000000a6500000, 0x00000000a6500000| Untracked 
|  64|0x00000000a6600000, 0x00000000a6600000, 0x00000000a6700000|  0%| F|  |TAMS 0x00000000a6600000, 0x00000000a6600000| Untracked 
|  65|0x00000000a6700000, 0x00000000a6700000, 0x00000000a6800000|  0%| F|  |TAMS 0x00000000a6700000, 0x00000000a6700000| Untracked 
|  66|0x00000000a6800000, 0x00000000a6800000, 0x00000000a6900000|  0%| F|  |TAMS 0x00000000a6800000, 0x00000000a6800000| Untracked 
|  67|0x00000000a6900000, 0x00000000a6900000, 0x00000000a6a00000|  0%| F|  |TAMS 0x00000000a6900000, 0x00000000a6900000| Untracked 
|  68|0x00000000a6a00000, 0x00000000a6a00000, 0x00000000a6b00000|  0%| F|  |TAMS 0x00000000a6a00000, 0x00000000a6a00000| Untracked 
|  69|0x00000000a6b00000, 0x00000000a6b00000, 0x00000000a6c00000|  0%| F|  |TAMS 0x00000000a6b00000, 0x00000000a6b00000| Untracked 
|  70|0x00000000a6c00000, 0x00000000a6c00000, 0x00000000a6d00000|  0%| F|  |TAMS 0x00000000a6c00000, 0x00000000a6c00000| Untracked 
|  71|0x00000000a6d00000, 0x00000000a6d00000, 0x00000000a6e00000|  0%| F|  |TAMS 0x00000000a6d00000, 0x00000000a6d00000| Untracked 
|  72|0x00000000a6e00000, 0x00000000a6e00000, 0x00000000a6f00000|  0%| F|  |TAMS 0x00000000a6e00000, 0x00000000a6e00000| Untracked 
|  73|0x00000000a6f00000, 0x00000000a6f00000, 0x00000000a7000000|  0%| F|  |TAMS 0x00000000a6f00000, 0x00000000a6f00000| Untracked 
|  74|0x00000000a7000000, 0x00000000a7000000, 0x00000000a7100000|  0%| F|  |TAMS 0x00000000a7000000, 0x00000000a7000000| Untracked 
|  75|0x00000000a7100000, 0x00000000a7100000, 0x00000000a7200000|  0%| F|  |TAMS 0x00000000a7100000, 0x00000000a7100000| Untracked 
|  76|0x00000000a7200000, 0x00000000a7200000, 0x00000000a7300000|  0%| F|  |TAMS 0x00000000a7200000, 0x00000000a7200000| Untracked 
|  77|0x00000000a7300000, 0x00000000a7300000, 0x00000000a7400000|  0%| F|  |TAMS 0x00000000a7300000, 0x00000000a7300000| Untracked 
|  78|0x00000000a7400000, 0x00000000a7400000, 0x00000000a7500000|  0%| F|  |TAMS 0x00000000a7400000, 0x00000000a7400000| Untracked 
|  79|0x00000000a7500000, 0x00000000a7500000, 0x00000000a7600000|  0%| F|  |TAMS 0x00000000a7500000, 0x00000000a7500000| Untracked 
|  80|0x00000000a7600000, 0x00000000a7600000, 0x00000000a7700000|  0%| F|  |TAMS 0x00000000a7600000, 0x00000000a7600000| Untracked 
|  81|0x00000000a7700000, 0x00000000a7732db0, 0x00000000a7800000| 19%| E|  |TAMS 0x00000000a7700000, 0x00000000a7700000| Complete 
|  82|0x00000000a7800000, 0x00000000a7900000, 0x00000000a7900000|100%| E|  |TAMS 0x00000000a7800000, 0x00000000a7800000| Complete 
|  83|0x00000000a7900000, 0x00000000a7a00000, 0x00000000a7a00000|100%| E|CS|TAMS 0x00000000a7900000, 0x00000000a7900000| Complete 
|  84|0x00000000a7a00000, 0x00000000a7b00000, 0x00000000a7b00000|100%| E|CS|TAMS 0x00000000a7a00000, 0x00000000a7a00000| Complete 
|  85|0x00000000a7b00000, 0x00000000a7c00000, 0x00000000a7c00000|100%| E|CS|TAMS 0x00000000a7b00000, 0x00000000a7b00000| Complete 
|  86|0x00000000a7c00000, 0x00000000a7d00000, 0x00000000a7d00000|100%| E|CS|TAMS 0x00000000a7c00000, 0x00000000a7c00000| Complete 
|  87|0x00000000a7d00000, 0x00000000a7e00000, 0x00000000a7e00000|100%| E|CS|TAMS 0x00000000a7d00000, 0x00000000a7d00000| Complete 
|  88|0x00000000a7e00000, 0x00000000a7f00000, 0x00000000a7f00000|100%| E|CS|TAMS 0x00000000a7e00000, 0x00000000a7e00000| Complete 
|  89|0x00000000a7f00000, 0x00000000a8000000, 0x00000000a8000000|100%| E|CS|TAMS 0x00000000a7f00000, 0x00000000a7f00000| Complete 
|  90|0x00000000a8000000, 0x00000000a8100000, 0x00000000a8100000|100%| E|CS|TAMS 0x00000000a8000000, 0x00000000a8000000| Complete 
|  91|0x00000000a8100000, 0x00000000a8200000, 0x00000000a8200000|100%| E|CS|TAMS 0x00000000a8100000, 0x00000000a8100000| Complete 
|  92|0x00000000a8200000, 0x00000000a8300000, 0x00000000a8300000|100%| E|CS|TAMS 0x00000000a8200000, 0x00000000a8200000| Complete 
|  93|0x00000000a8300000, 0x00000000a8400000, 0x00000000a8400000|100%| E|CS|TAMS 0x00000000a8300000, 0x00000000a8300000| Complete 

Card table byte_map: [0x000002196eeb0000,0x000002196f1a0000] _byte_map_base: 0x000002196e99d000

Marking Bits (Prev, Next): (CMBitMap*) 0x000002195c41ecb0, (CMBitMap*) 0x000002195c41ecf0
 Prev Bits: [0x000002196f490000, 0x0000021970bf8000)
 Next Bits: [0x0000021970c00000, 0x0000021972368000)

Polling page: 0x000002195bb90000

Metaspace:

Usage:
  Non-class:      7.50 MB used.
      Class:    743.98 KB used.
       Both:      8.23 MB used.

Virtual space:
  Non-class space:        8.00 MB reserved,       7.56 MB ( 95%) committed,  1 nodes.
      Class space:        1.00 GB reserved,     768.00 KB ( <1%) committed,  1 nodes.
             Both:        1.01 GB reserved,       8.31 MB ( <1%) committed. 

Chunk freelists:
   Non-Class:  292.00 KB
       Class:  3.19 MB
        Both:  3.47 MB

MaxMetaspaceSize: unlimited
CompressedClassSpaceSize: 1.00 GB
Initial GC threshold: 21.00 MB
Current GC threshold: 21.00 MB
CDS: off
MetaspaceReclaimPolicy: balanced
 - commit_granule_bytes: 65536.
 - commit_granule_words: 8192.
 - virtual_space_node_default_size: 1048576.
 - enlarge_chunks_in_place: 1.
 - new_chunks_are_fully_committed: 0.
 - uncommit_free_chunks: 1.
 - use_allocation_guard: 0.
 - handle_deallocations: 1.


Internal statistics:

num_allocs_failed_limit: 0.
num_arena_births: 14.
num_arena_deaths: 0.
num_vsnodes_births: 2.
num_vsnodes_deaths: 0.
num_space_committed: 133.
num_space_uncommitted: 0.
num_chunks_returned_to_freelist: 0.
num_chunks_taken_from_freelist: 59.
num_chunk_merges: 0.
num_chunk_splits: 24.
num_chunks_enlarged: 18.
num_purges: 0.
num_inconsistent_stats: 0.

CodeHeap 'non-profiled nmethods': size=120000Kb used=176Kb max_used=176Kb free=119824Kb
 bounds [0x0000021967360000, 0x00000219675d0000, 0x000002196e890000]
CodeHeap 'profiled nmethods': size=120000Kb used=861Kb max_used=861Kb free=119138Kb
 bounds [0x000002195f890000, 0x000002195fb00000, 0x0000021966dc0000]
CodeHeap 'non-nmethods': size=5760Kb used=1124Kb max_used=1140Kb free=4635Kb
 bounds [0x0000021966dc0000, 0x0000021967030000, 0x0000021967360000]
 total_blobs=949 nmethods=542 adapters=320
 compilation: enabled
              stopped_count=0, restarted_count=0
 full_count=0

Compilation events (20 events):
Event: 8.353 Thread 0x00000219758180d0  516  s!   3       jdk.internal.loader.URLClassPath::getLoader (194 bytes)
Event: 8.355 Thread 0x00000219758180d0 nmethod 516 0x000002195f955190 code [0x000002195f9554a0, 0x000002195f9567a8]
Event: 8.356 Thread 0x0000021975817630 nmethod 514 0x000002196738a610 code [0x000002196738a7a0, 0x000002196738ace8]
Event: 8.370 Thread 0x00000219758180d0  517   !   3       java.io.BufferedReader::readLine (327 bytes)
Event: 8.371 Thread 0x0000021975817630  520       4       java.io.WinNTFileSystem::isSlash (18 bytes)
Event: 8.372 Thread 0x0000021975817630 nmethod 520 0x000002196738af90 code [0x000002196738b100, 0x000002196738b198]
Event: 8.373 Thread 0x00000219758180d0 nmethod 517 0x000002195f956f10 code [0x000002195f957220, 0x000002195f958538]
Event: 8.373 Thread 0x00000219758180d0  518       3       java.util.LinkedList::indexOf (73 bytes)
Event: 8.373 Thread 0x00000219758180d0 nmethod 518 0x000002195f959010 code [0x000002195f9591e0, 0x000002195f959668]
Event: 8.373 Thread 0x00000219758180d0  519       3       jdk.internal.util.jar.JarIndex::addToList (59 bytes)
Event: 8.374 Thread 0x00000219758180d0 nmethod 519 0x000002195f959810 code [0x000002195f959a60, 0x000002195f95a388]
Event: 8.417 Thread 0x00000219758180d0  521   !   3       jdk.internal.loader.URLClassPath$JarLoader::getResource (65 bytes)
Event: 8.418 Thread 0x00000219758180d0 nmethod 521 0x000002195f95a690 code [0x000002195f95a8e0, 0x000002195f95b308]
Event: 8.471 Thread 0x00000219758180d0  522       3       sun.nio.fs.WindowsFileAttributes::lastModifiedTime (8 bytes)
Event: 8.471 Thread 0x00000219758180d0 nmethod 522 0x000002195f95b690 code [0x000002195f95b820, 0x000002195f95b968]
Event: 8.471 Thread 0x00000219758180d0  523   !   3       sun.nio.fs.WindowsFileAttributes::toFileTime (47 bytes)
Event: 8.472 Thread 0x00000219758180d0 nmethod 523 0x000002195f95ba10 code [0x000002195f95bc00, 0x000002195f95bea8]
Event: 8.472 Thread 0x00000219758180d0  524       3       java.nio.file.attribute.FileTime::from (18 bytes)
Event: 8.472 Thread 0x00000219758180d0 nmethod 524 0x000002195f95c010 code [0x000002195f95c1e0, 0x000002195f95c5a8]
Event: 9.341 Thread 0x0000021975817630  525   !   4       java.util.zip.ZipFile$Source::checkAndAddEntry (209 bytes)

GC Heap History (0 events):
No events

Dll operation events (2 events):
Event: 0.077 Loaded shared library C:\Program Files\Android\Android Studio\jbr\bin\java.dll
Event: 1.166 Loaded shared library C:\Program Files\Android\Android Studio\jbr\bin\verify.dll

Deoptimization events (20 events):
Event: 2.440 Thread 0x000002195c3d3a50 DEOPT PACKING pc=0x000002195f8df30c sp=0x000000f4673f9900
Event: 2.440 Thread 0x000002195c3d3a50 DEOPT UNPACKING pc=0x0000021966e17143 sp=0x000000f4673f8d90 mode 0
Event: 2.470 Thread 0x000002195c3d3a50 DEOPT PACKING pc=0x000002195f8a5867 sp=0x000000f4673f9ec0
Event: 2.470 Thread 0x000002195c3d3a50 DEOPT UNPACKING pc=0x0000021966e17143 sp=0x000000f4673f92e0 mode 0
Event: 2.608 Thread 0x000002195c3d3a50 DEOPT PACKING pc=0x000002195f8bdefe sp=0x000000f4673fd6c0
Event: 2.608 Thread 0x000002195c3d3a50 DEOPT UNPACKING pc=0x0000021966e17143 sp=0x000000f4673fcb30 mode 0
Event: 2.675 Thread 0x000002195c3d3a50 DEOPT PACKING pc=0x000002195f8d91be sp=0x000000f4673fd8e0
Event: 2.675 Thread 0x000002195c3d3a50 DEOPT UNPACKING pc=0x0000021966e17143 sp=0x000000f4673fcd58 mode 0
Event: 2.675 Thread 0x000002195c3d3a50 DEOPT PACKING pc=0x000002195f8d91be sp=0x000000f4673fd8e0
Event: 2.675 Thread 0x000002195c3d3a50 DEOPT UNPACKING pc=0x0000021966e17143 sp=0x000000f4673fcd58 mode 0
Event: 2.683 Thread 0x000002195c3d3a50 DEOPT PACKING pc=0x000002195f8d91be sp=0x000000f4673fd840
Event: 2.683 Thread 0x000002195c3d3a50 DEOPT UNPACKING pc=0x0000021966e17143 sp=0x000000f4673fccb8 mode 0
Event: 2.684 Thread 0x000002195c3d3a50 DEOPT PACKING pc=0x000002195f8d91be sp=0x000000f4673fd840
Event: 2.684 Thread 0x000002195c3d3a50 DEOPT UNPACKING pc=0x0000021966e17143 sp=0x000000f4673fccb8 mode 0
Event: 3.510 Thread 0x000002195c3d3a50 DEOPT PACKING pc=0x000002195f8e6f5a sp=0x000000f4673fd3b0
Event: 3.510 Thread 0x000002195c3d3a50 DEOPT UNPACKING pc=0x0000021966e17143 sp=0x000000f4673fc870 mode 0
Event: 8.207 Thread 0x000002195c3d3a50 Uncommon trap: trap_request=0xffffff45 fr.pc=0x000002196737e774 relative=0x00000000000005b4
Event: 8.207 Thread 0x000002195c3d3a50 Uncommon trap: reason=unstable_if action=reinterpret pc=0x000002196737e774 method=java.util.zip.ZipFile$Source.checkAndAddEntry(II)I @ 50 c2
Event: 8.207 Thread 0x000002195c3d3a50 DEOPT PACKING pc=0x000002196737e774 sp=0x000000f4673fcfa0
Event: 8.207 Thread 0x000002195c3d3a50 DEOPT UNPACKING pc=0x0000021966e169a3 sp=0x000000f4673fcf18 mode 2

Classes unloaded (0 events):
No events

Classes redefined (0 events):
No events

Internal exceptions (1 events):
Event: 2.476 Thread 0x000002195c3d3a50 Exception <a 'java/lang/NoSuchMethodError'{0x00000000a802ae00}: 'int java.lang.invoke.DirectMethodHandle$Holder.invokeStaticInit(java.lang.Object, java.lang.Object)'> (0x00000000a802ae00) 
thrown [s\src\hotspot\share\interpreter\linkResolver.cpp, line 771]

VM Operations (14 events):
Event: 1.154 Executing VM operation: HandshakeAllThreads
Event: 1.154 Executing VM operation: HandshakeAllThreads done
Event: 2.158 Executing VM operation: Cleanup
Event: 2.239 Executing VM operation: Cleanup done
Event: 3.254 Executing VM operation: Cleanup
Event: 3.362 Executing VM operation: Cleanup done
Event: 4.368 Executing VM operation: Cleanup
Event: 4.401 Executing VM operation: Cleanup done
Event: 6.409 Executing VM operation: Cleanup
Event: 6.625 Executing VM operation: Cleanup done
Event: 7.639 Executing VM operation: Cleanup
Event: 7.639 Executing VM operation: Cleanup done
Event: 8.650 Executing VM operation: Cleanup
Event: 8.650 Executing VM operation: Cleanup done

Events (20 events):
Event: 2.630 loading class java/util/ArrayList$SubList
Event: 2.631 loading class java/util/ArrayList$SubList done
Event: 2.660 loading class java/util/Collections$UnmodifiableCollection$1
Event: 2.660 loading class java/util/Collections$UnmodifiableCollection$1 done
Event: 2.667 loading class java/util/Collections$SingletonSet
Event: 2.667 loading class java/util/Collections$SingletonSet done
Event: 2.667 loading class java/util/Collections$1
Event: 2.667 loading class java/util/Collections$1 done
Event: 2.677 loading class java/lang/invoke/DirectMethodHandle$Special
Event: 2.677 loading class java/lang/invoke/DirectMethodHandle$Special done
Event: 8.211 loading class java/io/BufferedReader
Event: 8.225 loading class java/io/BufferedReader done
Event: 8.225 loading class sun/nio/cs/StreamDecoder
Event: 8.238 loading class sun/nio/cs/StreamDecoder done
Event: 8.239 loading class java/util/LinkedList
Event: 8.252 loading class java/util/AbstractSequentialList
Event: 8.252 loading class java/util/AbstractSequentialList done
Event: 8.252 loading class java/util/LinkedList done
Event: 8.252 loading class java/util/LinkedList$Node
Event: 8.253 loading class java/util/LinkedList$Node done


Dynamic libraries:
0x00007ff6d2bf0000 - 0x00007ff6d2bfa000 	C:\Program Files\Android\Android Studio\jbr\bin\java.exe
0x00007ffae3430000 - 0x00007ffae3647000 	C:\WINDOWS\SYSTEM32\ntdll.dll
0x00007ffae24c0000 - 0x00007ffae2584000 	C:\WINDOWS\System32\KERNEL32.DLL
0x00007ffae0d80000 - 0x00007ffae112d000 	C:\WINDOWS\System32\KERNELBASE.dll
0x00007ffae08c0000 - 0x00007ffae09d1000 	C:\WINDOWS\System32\ucrtbase.dll
0x00007ffac8800000 - 0x00007ffac8817000 	C:\Program Files\Android\Android Studio\jbr\bin\jli.dll
0x00007ffae1160000 - 0x00007ffae130e000 	C:\WINDOWS\System32\USER32.dll
0x00007ffae1130000 - 0x00007ffae1156000 	C:\WINDOWS\System32\win32u.dll
0x00007ffae1310000 - 0x00007ffae1339000 	C:\WINDOWS\System32\GDI32.dll
0x00007ffae0bc0000 - 0x00007ffae0cd9000 	C:\WINDOWS\System32\gdi32full.dll
0x00007ffaae150000 - 0x00007ffaae16b000 	C:\Program Files\Android\Android Studio\jbr\bin\VCRUNTIME140.dll
0x00007ffae0ce0000 - 0x00007ffae0d7a000 	C:\WINDOWS\System32\msvcp_win.dll
0x00007ffac5ab0000 - 0x00007ffac5d43000 	C:\WINDOWS\WinSxS\amd64_microsoft.windows.common-controls_6595b64144ccf1df_6.0.22621.3672_none_2713b9d173822955\COMCTL32.dll
0x00007ffae1580000 - 0x00007ffae1627000 	C:\WINDOWS\System32\msvcrt.dll
0x00007ffae2d90000 - 0x00007ffae2dc1000 	C:\WINDOWS\System32\IMM32.DLL
0x00007ffac1a90000 - 0x00007ffac1a9c000 	C:\Program Files\Android\Android Studio\jbr\bin\vcruntime140_1.dll
0x00007ffa93390000 - 0x00007ffa9341d000 	C:\Program Files\Android\Android Studio\jbr\bin\msvcp140.dll
0x00007ffa5ba90000 - 0x00007ffa5c6fe000 	C:\Program Files\Android\Android Studio\jbr\bin\server\jvm.dll
0x00007ffae3320000 - 0x00007ffae33d2000 	C:\WINDOWS\System32\ADVAPI32.dll
0x00007ffae3270000 - 0x00007ffae3319000 	C:\WINDOWS\System32\sechost.dll
0x00007ffae0750000 - 0x00007ffae0778000 	C:\WINDOWS\System32\bcrypt.dll
0x00007ffae26f0000 - 0x00007ffae2804000 	C:\WINDOWS\System32\RPCRT4.dll
0x00007ffad4b40000 - 0x00007ffad4b4a000 	C:\WINDOWS\SYSTEM32\VERSION.dll
0x00007ffabc590000 - 0x00007ffabc599000 	C:\WINDOWS\SYSTEM32\WSOCK32.dll
0x00007ffadb050000 - 0x00007ffadb084000 	C:\WINDOWS\SYSTEM32\WINMM.dll
0x00007ffae2810000 - 0x00007ffae2881000 	C:\WINDOWS\System32\WS2_32.dll
0x00007ffadf780000 - 0x00007ffadf798000 	C:\WINDOWS\SYSTEM32\kernel.appcore.dll
0x00007ffadd600000 - 0x00007ffadd60a000 	C:\Program Files\Android\Android Studio\jbr\bin\jimage.dll
0x00007ffade2b0000 - 0x00007ffade4e2000 	C:\WINDOWS\SYSTEM32\DBGHELP.DLL
0x00007ffae29f0000 - 0x00007ffae2d7d000 	C:\WINDOWS\System32\combase.dll
0x00007ffae23e0000 - 0x00007ffae24b7000 	C:\WINDOWS\System32\OLEAUT32.dll
0x00007ffad65c0000 - 0x00007ffad65f2000 	C:\WINDOWS\SYSTEM32\dbgcore.DLL
0x00007ffae0780000 - 0x00007ffae07fb000 	C:\WINDOWS\System32\bcryptPrimitives.dll
0x00007ffacde40000 - 0x00007ffacde65000 	C:\Program Files\Android\Android Studio\jbr\bin\java.dll
0x00007ffacde20000 - 0x00007ffacde38000 	C:\Program Files\Android\Android Studio\jbr\bin\zip.dll
0x00007ffae16f0000 - 0x00007ffae1f57000 	C:\WINDOWS\System32\SHELL32.dll
0x00007ffade650000 - 0x00007ffadef4e000 	C:\WINDOWS\SYSTEM32\windows.storage.dll
0x00007ffade510000 - 0x00007ffade64f000 	C:\WINDOWS\SYSTEM32\wintypes.dll
0x00007ffae13d0000 - 0x00007ffae14c9000 	C:\WINDOWS\System32\SHCORE.dll
0x00007ffae31f0000 - 0x00007ffae324e000 	C:\WINDOWS\System32\shlwapi.dll
0x00007ffae0680000 - 0x00007ffae06a1000 	C:\WINDOWS\SYSTEM32\profapi.dll
0x00007ffacde00000 - 0x00007ffacde19000 	C:\Program Files\Android\Android Studio\jbr\bin\net.dll
0x00007ffadac80000 - 0x00007ffadadb6000 	C:\WINDOWS\SYSTEM32\WINHTTP.dll
0x00007ffadfbf0000 - 0x00007ffadfc59000 	C:\WINDOWS\system32\mswsock.dll
0x00007ffacdde0000 - 0x00007ffacddf6000 	C:\Program Files\Android\Android Studio\jbr\bin\nio.dll
0x00007ffad5220000 - 0x00007ffad5230000 	C:\Program Files\Android\Android Studio\jbr\bin\verify.dll

dbghelp: loaded successfully - version: 4.0.5 - missing functions: none
symbol engine: initialized successfully - sym options: 0x614 - pdb path: .;C:\Program Files\Android\Android Studio\jbr\bin;C:\WINDOWS\SYSTEM32;C:\WINDOWS\WinSxS\amd64_microsoft.windows.common-controls_6595b64144ccf1df_6.0.22621.3672_none_2713b9d173822955;C:\Program Files\Android\Android Studio\jbr\bin\server

VM Arguments:
jvm_args: -Dorg.gradle.appname=gradlew 
java_command: org.gradle.wrapper.GradleWrapperMain -q -Ptarget-platform=android-x86 -Ptarget=D:\sertifikasi jmp\sertifikasi_jmp\lib\main.dart -Pbase-application-name=android.app.Application -Pdart-obfuscation=false -Ptrack-widget-creation=true -Ptree-shake-icons=false -Pfilesystem-scheme=org-dartlang-root assembleDebug
java_class_path (initial): D:\sertifikasi jmp\sertifikasi_jmp\android\\gradle\wrapper\gradle-wrapper.jar
Launcher Type: SUN_STANDARD

[Global flags]
     intx CICompilerCount                          = 4                                         {product} {ergonomic}
     uint ConcGCThreads                            = 2                                         {product} {ergonomic}
     uint G1ConcRefinementThreads                  = 8                                         {product} {ergonomic}
   size_t G1HeapRegionSize                         = 1048576                                   {product} {ergonomic}
    uintx GCDrainStackTargetSize                   = 64                                        {product} {ergonomic}
   size_t InitialHeapSize                          = 98566144                                  {product} {ergonomic}
   size_t MarkStackSize                            = 4194304                                   {product} {ergonomic}
   size_t MaxHeapSize                              = 1570766848                                {product} {ergonomic}
   size_t MaxNewSize                               = 941621248                                 {product} {ergonomic}
   size_t MinHeapDeltaBytes                        = 1048576                                   {product} {ergonomic}
   size_t MinHeapSize                              = 8388608                                   {product} {ergonomic}
    uintx NonNMethodCodeHeapSize                   = 5839372                                {pd product} {ergonomic}
    uintx NonProfiledCodeHeapSize                  = 122909434                              {pd product} {ergonomic}
    uintx ProfiledCodeHeapSize                     = 122909434                              {pd product} {ergonomic}
    uintx ReservedCodeCacheSize                    = 251658240                              {pd product} {ergonomic}
     bool SegmentedCodeCache                       = true                                      {product} {ergonomic}
   size_t SoftMaxHeapSize                          = 1570766848                             {manageable} {ergonomic}
     bool UseCompressedClassPointers               = true                           {product lp64_product} {ergonomic}
     bool UseCompressedOops                        = true                           {product lp64_product} {ergonomic}
     bool UseG1GC                                  = true                                      {product} {ergonomic}
     bool UseLargePagesIndividualAllocation        = false                                  {pd product} {ergonomic}

Logging:
Log output configuration:
 #0: stdout all=warning uptime,level,tags
 #1: stderr all=off uptime,level,tags

Environment Variables:
JAVA_HOME=C:\Program Files\Android\Android Studio\jbr
CLASSPATH=D:\sertifikasi jmp\sertifikasi_jmp\android\\gradle\wrapper\gradle-wrapper.jar
PATH=C:\Program Files\Android\Android Studio\jbr\bin;C:\Program Files (x86)\Common Files\Intel\Shared Libraries\redist\intel64\compiler;C:\Program Files\Common Files\Oracle\Java\javapath;D:\JARKOM\bin\;C:\Program Files (x86)\Common Files\Intel\Shared Files\cpp\bin\Intel64;C:\WINDOWS\system32;C:\WINDOWS;C:\WINDOWS\System32\Wbem;C:\WINDOWS\System32\WindowsPowerShell\v1.0\;C:\WINDOWS\System32\OpenSSH\;C:\Program Files\PuTTY\;C:\Program Files\IBM\SPSS\Statistics\25\JRE\bin;C:\Program Files\Git\cmd;C:\ProgramData\chocolatey\bin;C:\Program Files\Microsoft SQL Server\150\Tools\Binn\;C:\Program Files\Microsoft SQL Server\Client SDK\ODBC\170\Tools\Binn\;C:\Program Files\dotnet\;C:\Program Files (x86)\Incredibuild;C:\Program Files (x86)\Windows Kits\10\Windows Performance Toolkit\;C:\Program Files\nodejs\;C:\xampp\php;C:\ProgramData\ComposerSetup\bin;C:\Users\Jesika\AppData\Local\Programs\Python\Python310\Scripts\;C:\Users\Jesika\AppData\Local\Programs\Python\Python310\;C:\Users\Jesika\AppData\Local\Microsoft\WindowsApps;C:\Users\Jesika\AppData\Local\Programs\Microsoft VS Code\bin;C:\msys64\mingw64\bin;D:\flutter_windows_3.13.4-stable\flutter;C:\tools\dart-sdk\bin;C:\Users\Jesika\AppData\Local\Pub\Cache\bin;C:\flutter\bin;C:\Users\Jesika\.dotnet\tools;C:\Users\Jesika\AppData\Roaming\npm;C:\Users\Jesika\AppData\Roaming\Composer\vendor\bin;D:\semester 3\flutter_tugas_apps\lib\flutter\bin
USERNAME=Jesika
OS=Windows_NT
PROCESSOR_IDENTIFIER=AMD64 Family 23 Model 104 Stepping 1, AuthenticAMD
TMP=C:\Users\Jesika\AppData\Local\Temp
TEMP=C:\Users\Jesika\AppData\Local\Temp


JNI global refs:
JNI global refs: 8, weak refs: 0

JNI global refs memory usage: 843, weak refs: 209


---------------  S Y S T E M  ---------------

OS:
 Windows 11 , 64 bit Build 22621 (10.0.22621.3958)
OS uptime: 13 days 10:39 hours
Hyper-V role detected

CPU: total 8 (initial active 8) (8 cores per cpu, 2 threads per core) family 23 model 104 stepping 1 microcode 0x0, cx8, cmov, fxsr, ht, mmx, 3dnowpref, sse, sse2, sse3, ssse3, sse4a, sse4.1, sse4.2, popcnt, lzcnt, tsc, tscinvbit, avx, avx2, aes, clmul, bmi1, bmi2, adx, sha, fma, vzeroupper, clflush, clflushopt, hv

Memory: 4k page, system-wide physical 5989M (337M free)
TotalPageFile size 24421M (AvailPageFile size 0M)
current process WorkingSet (physical memory assigned to process): 26M, peak: 36M
current process commit charge ("private bytes"): 175M, peak: 175M

vm_info: OpenJDK 64-Bit Server VM (17.0.6+0-b2043.56-10027231) for windows-amd64 JRE (17.0.6+0-b2043.56-10027231), built on Apr 28 2023 00:43:19 by "androidbuild" with MS VC++ 16.10 / 16.11 (VS2019)

END.
